0 info it worked if it ends with ok
1 verbose cli [ '/usr/local/Cellar/node/7.2.1/bin/node',
1 verbose cli   '/usr/local/bin/npm',
1 verbose cli   'install',
1 verbose cli   'autoreleasepool' ]
2 info using npm@3.10.9
3 info using node@v7.2.1
4 silly loadCurrentTree Starting
5 silly install loadCurrentTree
6 silly install readLocalPackageData
7 silly fetchPackageMetaData autoreleasepool
8 silly fetchNamedPackageData autoreleasepool
9 silly mapToRegistry name autoreleasepool
10 silly mapToRegistry using default registry
11 silly mapToRegistry registry https://registry.npmjs.org/
12 silly mapToRegistry data Result {
12 silly mapToRegistry   raw: 'autoreleasepool',
12 silly mapToRegistry   scope: null,
12 silly mapToRegistry   escapedName: 'autoreleasepool',
12 silly mapToRegistry   name: 'autoreleasepool',
12 silly mapToRegistry   rawSpec: '',
12 silly mapToRegistry   spec: 'latest',
12 silly mapToRegistry   type: 'tag' }
13 silly mapToRegistry uri https://registry.npmjs.org/autoreleasepool
14 verbose request uri https://registry.npmjs.org/autoreleasepool
15 verbose request no auth needed
16 info attempt registry request try #1 at 6:22:02 PM
17 verbose request using bearer token for auth
18 verbose request id 1fca3b98ebe4f6d5
19 verbose etag W/"510dbcbb-8e5"
20 verbose lastModified Sun, 03 Feb 2013 01:26:19 GMT
21 http request GET https://registry.npmjs.org/autoreleasepool
22 http 304 https://registry.npmjs.org/autoreleasepool
23 verbose headers { server: 'nginx/1.10.1',
23 verbose headers   'last-modified': 'Sun, 03 Feb 2013 01:26:19 GMT',
23 verbose headers   etag: '"510dbcbb-8e5"',
23 verbose headers   'cache-control': 'max-age=300',
23 verbose headers   'accept-ranges': 'bytes',
23 verbose headers   date: 'Sat, 04 Feb 2017 23:22:14 GMT',
23 verbose headers   via: '1.1 varnish',
23 verbose headers   connection: 'keep-alive',
23 verbose headers   'x-served-by': 'cache-atl6236-ATL',
23 verbose headers   'x-cache': 'MISS',
23 verbose headers   'x-cache-hits': '0',
23 verbose headers   'x-timer': 'S1486250534.160798,VS0,VE191',
23 verbose headers   vary: 'Accept-Encoding' }
24 silly get cb [ 304,
24 silly get   { server: 'nginx/1.10.1',
24 silly get     'last-modified': 'Sun, 03 Feb 2013 01:26:19 GMT',
24 silly get     etag: '"510dbcbb-8e5"',
24 silly get     'cache-control': 'max-age=300',
24 silly get     'accept-ranges': 'bytes',
24 silly get     date: 'Sat, 04 Feb 2017 23:22:14 GMT',
24 silly get     via: '1.1 varnish',
24 silly get     connection: 'keep-alive',
24 silly get     'x-served-by': 'cache-atl6236-ATL',
24 silly get     'x-cache': 'MISS',
24 silly get     'x-cache-hits': '0',
24 silly get     'x-timer': 'S1486250534.160798,VS0,VE191',
24 silly get     vary: 'Accept-Encoding' } ]
25 verbose etag https://registry.npmjs.org/autoreleasepool from cache
26 verbose get saving autoreleasepool to /Users/JacksBook/.npm/registry.npmjs.org/autoreleasepool/.cache.json
27 verbose correctMkdir /Users/JacksBook/.npm correctMkdir not in flight; initializing
28 silly install normalizeTree
29 silly loadCurrentTree Finishing
30 silly loadIdealTree Starting
31 silly install loadIdealTree
32 silly cloneCurrentTree Starting
33 silly install cloneCurrentTreeToIdealTree
34 silly cloneCurrentTree Finishing
35 silly loadShrinkwrap Starting
36 silly install loadShrinkwrap
37 silly loadShrinkwrap Finishing
38 silly loadAllDepsIntoIdealTree Starting
39 silly install loadAllDepsIntoIdealTree
40 silly resolveWithNewModule autoreleasepool@0.0.2 checking installable status
41 silly cache add args [ 'autoreleasepool', null ]
42 verbose cache add spec autoreleasepool
43 silly cache add parsed spec Result {
43 silly cache add   raw: 'autoreleasepool',
43 silly cache add   scope: null,
43 silly cache add   escapedName: 'autoreleasepool',
43 silly cache add   name: 'autoreleasepool',
43 silly cache add   rawSpec: '',
43 silly cache add   spec: 'latest',
43 silly cache add   type: 'tag' }
44 silly addNamed autoreleasepool@latest
45 verbose addNamed "latest" is being treated as a dist-tag for autoreleasepool
46 info addNameTag [ 'autoreleasepool', 'latest' ]
47 silly mapToRegistry name autoreleasepool
48 silly mapToRegistry using default registry
49 silly mapToRegistry registry https://registry.npmjs.org/
50 silly mapToRegistry data Result {
50 silly mapToRegistry   raw: 'autoreleasepool',
50 silly mapToRegistry   scope: null,
50 silly mapToRegistry   escapedName: 'autoreleasepool',
50 silly mapToRegistry   name: 'autoreleasepool',
50 silly mapToRegistry   rawSpec: '',
50 silly mapToRegistry   spec: 'latest',
50 silly mapToRegistry   type: 'tag' }
51 silly mapToRegistry uri https://registry.npmjs.org/autoreleasepool
52 verbose addNameTag registry:https://registry.npmjs.org/autoreleasepool not in flight; fetching
53 verbose get https://registry.npmjs.org/autoreleasepool not expired, no request
54 silly addNameTag next cb for autoreleasepool with tag latest
55 silly addNamed autoreleasepool@0.0.2
56 verbose addNamed "0.0.2" is a plain semver version for autoreleasepool
57 silly cache afterAdd autoreleasepool@0.0.2
58 verbose afterAdd /Users/JacksBook/.npm/autoreleasepool/0.0.2/package/package.json not in flight; writing
59 verbose correctMkdir /Users/JacksBook/.npm correctMkdir not in flight; initializing
60 verbose afterAdd /Users/JacksBook/.npm/autoreleasepool/0.0.2/package/package.json written
61 silly loadAllDepsIntoIdealTree Finishing
62 silly loadIdealTree Finishing
63 silly currentTree comp50-ex@1.0.0
63 silly currentTree ├── accepts@1.3.3
63 silly currentTree ├── array-flatten@1.1.1
63 silly currentTree ├─┬ body-parser@1.16.0
63 silly currentTree │ ├── debug@2.6.0
63 silly currentTree │ ├── ms@0.7.2
63 silly currentTree │ └── qs@6.2.1
63 silly currentTree ├── bytes@2.4.0
63 silly currentTree ├── content-disposition@0.5.2
63 silly currentTree ├── content-type@1.0.2
63 silly currentTree ├── cookie-signature@1.0.6
63 silly currentTree ├── cookie@0.3.1
63 silly currentTree ├── debug@2.2.0
63 silly currentTree ├── depd@1.1.0
63 silly currentTree ├── destroy@1.0.4
63 silly currentTree ├── ee-first@1.1.1
63 silly currentTree ├── encodeurl@1.0.1
63 silly currentTree ├── escape-html@1.0.3
63 silly currentTree ├── etag@1.7.0
63 silly currentTree ├── express@4.14.1
63 silly currentTree ├── finalhandler@0.5.1
63 silly currentTree ├── forwarded@0.1.0
63 silly currentTree ├── fresh@0.3.0
63 silly currentTree ├── http-errors@1.5.1
63 silly currentTree ├── iconv-lite@0.4.15
63 silly currentTree ├── inherits@2.0.3
63 silly currentTree ├── ipaddr.js@1.2.0
63 silly currentTree ├── media-typer@0.3.0
63 silly currentTree ├── merge-descriptors@1.0.1
63 silly currentTree ├── methods@1.1.2
63 silly currentTree ├── mime-db@1.26.0
63 silly currentTree ├── mime-types@2.1.14
63 silly currentTree ├── mime@1.3.4
63 silly currentTree ├── ms@0.7.1
63 silly currentTree ├── negotiator@0.6.1
63 silly currentTree ├── on-finished@2.3.0
63 silly currentTree ├── parseurl@1.3.1
63 silly currentTree ├── path-to-regexp@0.1.7
63 silly currentTree ├── proxy-addr@1.1.3
63 silly currentTree ├── qs@6.2.0
63 silly currentTree ├── range-parser@1.2.0
63 silly currentTree ├── raw-body@2.2.0
63 silly currentTree ├─┬ send@0.14.2
63 silly currentTree │ └── ms@0.7.2
63 silly currentTree ├── serve-static@1.11.2
63 silly currentTree ├── setprototypeof@1.0.2
63 silly currentTree ├── statuses@1.3.1
63 silly currentTree ├── type-is@1.6.14
63 silly currentTree ├── unpipe@1.0.0
63 silly currentTree ├── utils-merge@1.0.0
63 silly currentTree └── vary@1.1.0
64 silly idealTree comp50-ex@1.0.0
64 silly idealTree ├── accepts@1.3.3
64 silly idealTree ├── array-flatten@1.1.1
64 silly idealTree ├── autoreleasepool@0.0.2
64 silly idealTree ├─┬ body-parser@1.16.0
64 silly idealTree │ ├── debug@2.6.0
64 silly idealTree │ ├── ms@0.7.2
64 silly idealTree │ └── qs@6.2.1
64 silly idealTree ├── bytes@2.4.0
64 silly idealTree ├── content-disposition@0.5.2
64 silly idealTree ├── content-type@1.0.2
64 silly idealTree ├── cookie-signature@1.0.6
64 silly idealTree ├── cookie@0.3.1
64 silly idealTree ├── debug@2.2.0
64 silly idealTree ├── depd@1.1.0
64 silly idealTree ├── destroy@1.0.4
64 silly idealTree ├── ee-first@1.1.1
64 silly idealTree ├── encodeurl@1.0.1
64 silly idealTree ├── escape-html@1.0.3
64 silly idealTree ├── etag@1.7.0
64 silly idealTree ├── express@4.14.1
64 silly idealTree ├── finalhandler@0.5.1
64 silly idealTree ├── forwarded@0.1.0
64 silly idealTree ├── fresh@0.3.0
64 silly idealTree ├── http-errors@1.5.1
64 silly idealTree ├── iconv-lite@0.4.15
64 silly idealTree ├── inherits@2.0.3
64 silly idealTree ├── ipaddr.js@1.2.0
64 silly idealTree ├── media-typer@0.3.0
64 silly idealTree ├── merge-descriptors@1.0.1
64 silly idealTree ├── methods@1.1.2
64 silly idealTree ├── mime-db@1.26.0
64 silly idealTree ├── mime-types@2.1.14
64 silly idealTree ├── mime@1.3.4
64 silly idealTree ├── ms@0.7.1
64 silly idealTree ├── negotiator@0.6.1
64 silly idealTree ├── on-finished@2.3.0
64 silly idealTree ├── parseurl@1.3.1
64 silly idealTree ├── path-to-regexp@0.1.7
64 silly idealTree ├── proxy-addr@1.1.3
64 silly idealTree ├── qs@6.2.0
64 silly idealTree ├── range-parser@1.2.0
64 silly idealTree ├── raw-body@2.2.0
64 silly idealTree ├─┬ send@0.14.2
64 silly idealTree │ └── ms@0.7.2
64 silly idealTree ├── serve-static@1.11.2
64 silly idealTree ├── setprototypeof@1.0.2
64 silly idealTree ├── statuses@1.3.1
64 silly idealTree ├── type-is@1.6.14
64 silly idealTree ├── unpipe@1.0.0
64 silly idealTree ├── utils-merge@1.0.0
64 silly idealTree └── vary@1.1.0
65 silly generateActionsToTake Starting
66 silly install generateActionsToTake
67 silly generateActionsToTake Finishing
68 silly diffTrees action count 1
69 silly diffTrees add autoreleasepool@0.0.2
70 silly decomposeActions action count 8
71 silly decomposeActions fetch autoreleasepool@0.0.2
72 silly decomposeActions extract autoreleasepool@0.0.2
73 silly decomposeActions test autoreleasepool@0.0.2
74 silly decomposeActions preinstall autoreleasepool@0.0.2
75 silly decomposeActions build autoreleasepool@0.0.2
76 silly decomposeActions install autoreleasepool@0.0.2
77 silly decomposeActions postinstall autoreleasepool@0.0.2
78 silly decomposeActions finalize autoreleasepool@0.0.2
79 silly runTopLevelLifecycles Starting
80 silly executeActions Starting
81 silly install executeActions
82 silly doSerial global-install 0
83 silly doParallel fetch 1
84 verbose correctMkdir /Users/JacksBook/.npm/_locks correctMkdir not in flight; initializing
85 verbose lock using /Users/JacksBook/.npm/_locks/staging-8e9178bbdf4577c6.lock for /Users/JacksBook/Desktop/comp50-ex/node_modules/.staging
86 silly doParallel extract 1
87 silly extract autoreleasepool@0.0.2
88 verbose unbuild node_modules/.staging/autoreleasepool-c0d66113
89 silly gentlyRm /Users/JacksBook/Desktop/comp50-ex/node_modules/.staging/autoreleasepool-c0d66113 is being purged from base /Users/JacksBook/Desktop/comp50-ex
90 verbose gentlyRm don't care about contents; nuking /Users/JacksBook/Desktop/comp50-ex/node_modules/.staging/autoreleasepool-c0d66113
91 verbose tar unpack /Users/JacksBook/.npm/autoreleasepool/0.0.2/package.tgz
92 verbose tar unpacking to /Users/JacksBook/Desktop/comp50-ex/node_modules/.staging/autoreleasepool-c0d66113
93 silly gentlyRm /Users/JacksBook/Desktop/comp50-ex/node_modules/.staging/autoreleasepool-c0d66113 is being purged
94 verbose gentlyRm don't care about contents; nuking /Users/JacksBook/Desktop/comp50-ex/node_modules/.staging/autoreleasepool-c0d66113
95 silly gunzTarPerm modes [ '755', '644' ]
96 silly gunzTarPerm extractEntry .gitignore
97 silly gunzTarPerm extractEntry binding.cc
98 silly gunzTarPerm extractEntry index.js
99 silly gunzTarPerm extractEntry LICENSE
100 silly gunzTarPerm extractEntry package.json
101 silly gunzTarPerm extractEntry README.md
102 silly gunzTarPerm extractEntry wscript
103 silly gentlyRm /Users/JacksBook/Desktop/comp50-ex/node_modules/.staging/autoreleasepool-c0d66113/node_modules is being purged
104 verbose gentlyRm don't care about contents; nuking /Users/JacksBook/Desktop/comp50-ex/node_modules/.staging/autoreleasepool-c0d66113/node_modules
105 silly doParallel preinstall 1
106 silly preinstall autoreleasepool@0.0.2 /Users/JacksBook/Desktop/comp50-ex/node_modules/.staging/autoreleasepool-c0d66113
107 info lifecycle autoreleasepool@0.0.2~preinstall: autoreleasepool@0.0.2
108 verbose lifecycle autoreleasepool@0.0.2~preinstall: unsafe-perm in lifecycle true
109 verbose lifecycle autoreleasepool@0.0.2~preinstall: PATH: /usr/local/lib/node_modules/npm/bin/node-gyp-bin:/Users/JacksBook/Desktop/comp50-ex/node_modules/.staging/autoreleasepool-c0d66113/node_modules/.bin:/Users/JacksBook/Desktop/comp50-ex/node_modules/.bin:/usr/local/Cellar/node/7.2.1/bin:/usr/local/bin:/usr/bin:/bin:/usr/sbin:/sbin:/Applications/Wireshark.app/Contents/MacOS
110 verbose lifecycle autoreleasepool@0.0.2~preinstall: CWD: /Users/JacksBook/Desktop/comp50-ex/node_modules/.staging/autoreleasepool-c0d66113
111 silly lifecycle autoreleasepool@0.0.2~preinstall: Args: [ '-c', 'node-waf clean || true; node-waf configure build' ]
112 info lifecycle autoreleasepool@0.0.2~preinstall: Failed to exec preinstall script
113 verbose unlock done using /Users/JacksBook/.npm/_locks/staging-8e9178bbdf4577c6.lock for /Users/JacksBook/Desktop/comp50-ex/node_modules/.staging
114 silly rollbackFailedOptional Starting
115 silly rollbackFailedOptional Finishing
116 silly runTopLevelLifecycles Finishing
117 silly install printInstalled
118 warn comp50-ex@1.0.0 No repository field.
119 verbose If you need help, you may report this error at:
119 verbose     <https://github.com/npm/npm/issues>
120 verbose stack Error: autoreleasepool@0.0.2 preinstall: `node-waf clean || true; node-waf configure build`
120 verbose stack spawn ENOENT
120 verbose stack     at ChildProcess.<anonymous> (/usr/local/lib/node_modules/npm/lib/utils/spawn.js:33:16)
120 verbose stack     at emitTwo (events.js:106:13)
120 verbose stack     at ChildProcess.emit (events.js:191:7)
120 verbose stack     at maybeClose (internal/child_process.js:885:16)
120 verbose stack     at Process.ChildProcess._handle.onexit (internal/child_process.js:226:5)
121 verbose pkgid autoreleasepool@0.0.2
122 verbose cwd /Users/JacksBook/Desktop/comp50-ex
123 error Darwin 16.4.0
124 error argv "/usr/local/Cellar/node/7.2.1/bin/node" "/usr/local/bin/npm" "install" "autoreleasepool"
125 error node v7.2.1
126 error npm  v3.10.9
127 error file sh
128 error code ELIFECYCLE
129 error errno ENOENT
130 error syscall spawn
131 error autoreleasepool@0.0.2 preinstall: `node-waf clean || true; node-waf configure build`
131 error spawn ENOENT
132 error Failed at the autoreleasepool@0.0.2 preinstall script 'node-waf clean || true; node-waf configure build'.
132 error Make sure you have the latest version of node.js and npm installed.
132 error If you do, this is most likely a problem with the autoreleasepool package,
132 error not with npm itself.
132 error Tell the author that this fails on your system:
132 error     node-waf clean || true; node-waf configure build
132 error You can get information on how to open an issue for this project with:
132 error     npm bugs autoreleasepool
132 error Or if that isn't available, you can get their info via:
132 error     npm owner ls autoreleasepool
132 error There is likely additional logging output above.
133 verbose exit [ 1, true ]
